0 info it worked if it ends with ok
1 verbose cli [ 'node', '/usr/local/bin/npm', 'install', 'jekyll' ]
2 info using npm@2.11.3
3 info using node@v0.12.7
4 verbose install initial load of /Users/dario/Projects/package.json
5 verbose installManyTop reading scoped package data from /Users/dario/Projects/node_modules/body-parser/package.json
6 verbose installManyTop reading scoped package data from /Users/dario/Projects/node_modules/composable-middleware/package.json
7 verbose installManyTop reading scoped package data from /Users/dario/Projects/node_modules/compression/package.json
8 verbose installManyTop reading scoped package data from /Users/dario/Projects/node_modules/connect-livereload/package.json
9 verbose installManyTop reading scoped package data from /Users/dario/Projects/node_modules/connect-mongo/package.json
10 verbose installManyTop reading scoped package data from /Users/dario/Projects/node_modules/cookie-parser/package.json
11 verbose installManyTop reading scoped package data from /Users/dario/Projects/node_modules/ejs/package.json
12 verbose installManyTop reading scoped package data from /Users/dario/Projects/node_modules/errorhandler/package.json
13 verbose installManyTop reading scoped package data from /Users/dario/Projects/node_modules/express/package.json
14 verbose installManyTop reading scoped package data from /Users/dario/Projects/node_modules/express-jwt/package.json
15 verbose installManyTop reading scoped package data from /Users/dario/Projects/node_modules/express-session/package.json
16 verbose installManyTop reading scoped package data from /Users/dario/Projects/node_modules/grunt/package.json
17 verbose installManyTop reading scoped package data from /Users/dario/Projects/node_modules/grunt-angular-templates/package.json
18 verbose installManyTop reading scoped package data from /Users/dario/Projects/node_modules/grunt-autoprefixer/package.json
19 verbose installManyTop reading scoped package data from /Users/dario/Projects/node_modules/grunt-babel/package.json
20 verbose installManyTop reading scoped package data from /Users/dario/Projects/node_modules/grunt-build-control/package.json
21 verbose installManyTop reading scoped package data from /Users/dario/Projects/node_modules/grunt-concurrent/package.json
22 verbose installManyTop reading scoped package data from /Users/dario/Projects/node_modules/grunt-contrib-clean/package.json
23 verbose installManyTop reading scoped package data from /Users/dario/Projects/node_modules/grunt-contrib-concat/package.json
24 verbose installManyTop reading scoped package data from /Users/dario/Projects/node_modules/grunt-contrib-copy/package.json
25 verbose installManyTop reading scoped package data from /Users/dario/Projects/node_modules/grunt-contrib-cssmin/package.json
26 verbose installManyTop reading scoped package data from /Users/dario/Projects/node_modules/grunt-contrib-htmlmin/package.json
27 verbose installManyTop reading scoped package data from /Users/dario/Projects/node_modules/grunt-contrib-imagemin/package.json
28 verbose installManyTop reading scoped package data from /Users/dario/Projects/node_modules/grunt-contrib-jshint/package.json
29 verbose installManyTop reading scoped package data from /Users/dario/Projects/node_modules/grunt-contrib-sass/package.json
30 verbose installManyTop reading scoped package data from /Users/dario/Projects/node_modules/grunt-contrib-uglify/package.json
31 verbose installManyTop reading scoped package data from /Users/dario/Projects/node_modules/grunt-contrib-watch/package.json
32 verbose installManyTop reading scoped package data from /Users/dario/Projects/node_modules/grunt-dom-munger/package.json
33 verbose installManyTop reading scoped package data from /Users/dario/Projects/node_modules/grunt-env/package.json
34 verbose installManyTop reading scoped package data from /Users/dario/Projects/node_modules/grunt-express-server/package.json
35 verbose installManyTop reading scoped package data from /Users/dario/Projects/node_modules/grunt-google-cdn/package.json
36 verbose installManyTop reading scoped package data from /Users/dario/Projects/node_modules/grunt-injector/package.json
37 verbose installManyTop reading scoped package data from /Users/dario/Projects/node_modules/grunt-karma/package.json
38 verbose installManyTop reading scoped package data from /Users/dario/Projects/node_modules/grunt-mocha-test/package.json
39 verbose installManyTop reading scoped package data from /Users/dario/Projects/node_modules/grunt-newer/package.json
40 verbose installManyTop reading scoped package data from /Users/dario/Projects/node_modules/grunt-ng-annotate/package.json
41 verbose installManyTop reading scoped package data from /Users/dario/Projects/node_modules/grunt-node-inspector/package.json
42 verbose installManyTop reading scoped package data from /Users/dario/Projects/node_modules/grunt-nodemon/package.json
43 verbose installManyTop reading scoped package data from /Users/dario/Projects/node_modules/grunt-open/package.json
44 verbose installManyTop reading scoped package data from /Users/dario/Projects/node_modules/grunt-protractor-runner/package.json
45 verbose installManyTop reading scoped package data from /Users/dario/Projects/node_modules/grunt-rev/package.json
46 verbose installManyTop reading scoped package data from /Users/dario/Projects/node_modules/grunt-svgmin/package.json
47 verbose installManyTop reading scoped package data from /Users/dario/Projects/node_modules/grunt-usemin/package.json
48 verbose installManyTop reading scoped package data from /Users/dario/Projects/node_modules/grunt-wiredep/package.json
49 verbose installManyTop reading scoped package data from /Users/dario/Projects/node_modules/jit-grunt/package.json
50 verbose installManyTop reading scoped package data from /Users/dario/Projects/node_modules/jshint-stylish/package.json
51 verbose installManyTop reading scoped package data from /Users/dario/Projects/node_modules/jsonwebtoken/package.json
52 verbose installManyTop reading scoped package data from /Users/dario/Projects/node_modules/karma/package.json
53 verbose installManyTop reading scoped package data from /Users/dario/Projects/node_modules/karma-babel-preprocessor/package.json
54 verbose installManyTop reading scoped package data from /Users/dario/Projects/node_modules/karma-chrome-launcher/package.json
55 verbose installManyTop reading scoped package data from /Users/dario/Projects/node_modules/karma-coffee-preprocessor/package.json
56 verbose installManyTop reading scoped package data from /Users/dario/Projects/node_modules/karma-firefox-launcher/package.json
57 verbose installManyTop reading scoped package data from /Users/dario/Projects/node_modules/karma-html2js-preprocessor/package.json
58 verbose installManyTop reading scoped package data from /Users/dario/Projects/node_modules/karma-jade-preprocessor/package.json
59 verbose installManyTop reading scoped package data from /Users/dario/Projects/node_modules/karma-jasmine/package.json
60 verbose installManyTop reading scoped package data from /Users/dario/Projects/node_modules/karma-ng-html2js-preprocessor/package.json
61 verbose installManyTop reading scoped package data from /Users/dario/Projects/node_modules/karma-ng-jade2js-preprocessor/package.json
62 verbose installManyTop reading scoped package data from /Users/dario/Projects/node_modules/karma-ng-scenario/package.json
63 verbose installManyTop reading scoped package data from /Users/dario/Projects/node_modules/karma-phantomjs-launcher/package.json
64 verbose installManyTop reading scoped package data from /Users/dario/Projects/node_modules/karma-requirejs/package.json
65 verbose installManyTop reading scoped package data from /Users/dario/Projects/node_modules/karma-script-launcher/package.json
66 verbose installManyTop reading scoped package data from /Users/dario/Projects/node_modules/lodash/package.json
67 verbose installManyTop reading scoped package data from /Users/dario/Projects/node_modules/method-override/package.json
68 verbose installManyTop reading scoped package data from /Users/dario/Projects/node_modules/mongoose/package.json
69 verbose installManyTop reading scoped package data from /Users/dario/Projects/node_modules/morgan/package.json
70 verbose installManyTop reading scoped package data from /Users/dario/Projects/node_modules/open/package.json
71 verbose installManyTop reading scoped package data from /Users/dario/Projects/node_modules/passport/package.json
72 verbose installManyTop reading scoped package data from /Users/dario/Projects/node_modules/passport-google-oauth/package.json
73 verbose installManyTop reading scoped package data from /Users/dario/Projects/node_modules/passport-local/package.json
74 verbose installManyTop reading scoped package data from /Users/dario/Projects/node_modules/requirejs/package.json
75 verbose installManyTop reading scoped package data from /Users/dario/Projects/node_modules/serve-favicon/package.json
76 verbose installManyTop reading scoped package data from /Users/dario/Projects/node_modules/should/package.json
77 verbose installManyTop reading scoped package data from /Users/dario/Projects/node_modules/supertest/package.json
78 verbose installManyTop reading scoped package data from /Users/dario/Projects/node_modules/time-grunt/package.json
79 info package.json composable-middleware@0.3.0 No license field.
80 info package.json grunt@0.4.5 No license field.
81 info package.json grunt-angular-templates@0.5.7 No license field.
82 info package.json grunt-contrib-watch@0.6.1 No license field.
83 info package.json grunt-google-cdn@0.4.3 license should be a valid SPDX license expression
84 info package.json grunt-rev@0.1.0 No license field.
85 info package.json karma-coffee-preprocessor@0.2.1 No README data
86 info package.json karma-phantomjs-launcher@0.1.4 No README data
87 info package.json passport-local@0.1.6 No README data
88 info package.json passport-local@0.1.6 No license field.
89 info package.json connect-livereload@0.4.1 No license field.
90 info package.json connect-mongo@0.8.2 No license field.
91 info package.json cookie-parser@1.0.1 No license field.
92 info package.json ejs@0.8.8 No license field.
93 info package.json express-jwt@3.0.1 No license field.
94 info package.json grunt-build-control@0.4.0 No license field.
95 info package.json grunt-concurrent@0.5.0 No license field.
96 info package.json grunt-contrib-concat@0.4.0 No license field.
97 info package.json grunt-contrib-clean@0.5.0 No license field.
98 info package.json grunt-contrib-copy@0.5.0 No license field.
99 info package.json grunt-contrib-cssmin@0.9.0 No license field.
100 info package.json grunt-contrib-htmlmin@0.2.0 No license field.
101 info package.json grunt-contrib-imagemin@0.7.2 No license field.
102 info package.json grunt-contrib-sass@0.7.4 No license field.
103 info package.json grunt-contrib-jshint@0.10.0 No license field.
104 info package.json grunt-dom-munger@3.4.0 No license field.
105 info package.json grunt-contrib-uglify@0.4.1 No license field.
106 info package.json grunt-env@0.4.4 No license field.
107 info package.json grunt-express-server@0.4.19 No license field.
108 info package.json grunt-injector@0.5.4 No license field.
109 info package.json grunt-mocha-test@0.10.2 No license field.
110 info package.json grunt-newer@0.7.0 No license field.
111 info package.json grunt-ng-annotate@0.2.3 No license field.
112 info package.json grunt-open@0.2.3 No license field.
113 info package.json grunt-protractor-runner@1.2.1 No license field.
114 info package.json grunt-svgmin@0.4.0 No license field.
115 info package.json grunt-usemin@2.1.1 license should be a valid SPDX license expression
116 info package.json grunt-wiredep@1.8.0 No license field.
117 info package.json passport-google-oauth@0.2.0 No license field.
118 info package.json should@3.3.2 No license field.
119 info package.json requirejs@2.1.20 No license field.
120 verbose readDependencies loading dependencies from /Users/dario/Projects/package.json
121 silly cache add args [ 'jekyll', null ]
122 verbose cache add spec jekyll
123 silly cache add parsed spec { raw: 'jekyll',
123 silly cache add   scope: null,
123 silly cache add   name: 'jekyll',
123 silly cache add   rawSpec: '',
123 silly cache add   spec: '*',
123 silly cache add   type: 'range' }
124 silly addNamed jekyll@*
125 verbose addNamed "*" is a valid semver range for jekyll
126 silly addNameRange { name: 'jekyll', range: '*', hasData: false }
127 silly mapToRegistry name jekyll
128 silly mapToRegistry using default registry
129 silly mapToRegistry registry http://registry.npmjs.org/
130 silly mapToRegistry uri http://registry.npmjs.org/jekyll
131 verbose addNameRange registry:http://registry.npmjs.org/jekyll not in flight; fetching
132 verbose request uri http://registry.npmjs.org/jekyll
133 verbose request no auth needed
134 info attempt registry request try #1 at 8:47:32 AM
135 verbose request id a148b84dd143ec7e
136 verbose etag "861DH907E3APUT89G5UUQGY5U"
137 http request GET http://registry.npmjs.org/jekyll
138 http 304 http://registry.npmjs.org/jekyll
139 silly get cb [ 304,
139 silly get   { date: 'Thu, 05 Nov 2015 13:47:32 GMT',
139 silly get     via: '1.1 varnish',
139 silly get     'cache-control': 'max-age=60',
139 silly get     etag: '"861DH907E3APUT89G5UUQGY5U"',
139 silly get     age: '0',
139 silly get     connection: 'keep-alive',
139 silly get     'x-served-by': 'cache-ord1733-ORD',
139 silly get     'x-cache': 'HIT',
139 silly get     'x-cache-hits': '1',
139 silly get     'x-timer': 'S1446731252.923948,VS0,VE36',
139 silly get     vary: 'Accept' } ]
140 verbose etag http://registry.npmjs.org/jekyll from cache
141 verbose get saving jekyll to /Users/dario/.npm/registry.npmjs.org/jekyll/.cache.json
142 silly addNameRange number 2 { name: 'jekyll', range: '*', hasData: true }
143 silly addNameRange versions [ 'jekyll', [ '3.0.0-beta1' ] ]
144 verbose stack Error: No compatible version found: jekyll@'*'
144 verbose stack Valid install targets:
144 verbose stack ["3.0.0-beta1"]
144 verbose stack
144 verbose stack     at installTargetsError (/usr/local/lib/node_modules/npm/lib/cache/add-named.js:274:12)
144 verbose stack     at next (/usr/local/lib/node_modules/npm/lib/cache/add-named.js:253:17)
144 verbose stack     at setData (/usr/local/lib/node_modules/npm/lib/cache/add-named.js:230:5)
144 verbose stack     at RES (/usr/local/lib/node_modules/npm/node_modules/inflight/inflight.js:23:14)
144 verbose stack     at f (/usr/local/lib/node_modules/npm/node_modules/once/once.js:17:25)
144 verbose stack     at fixName (/usr/local/lib/node_modules/npm/lib/cache/add-named.js:29:5)
144 verbose stack     at saved (/usr/local/lib/node_modules/npm/lib/cache/caching-client.js:173:7)
144 verbose stack     at FSReqWrap.oncomplete (fs.js:95:15)
145 verbose cwd /Users/dario/Projects/InsectDiagram/bugbox
146 error Darwin 15.0.0
147 error argv "node" "/usr/local/bin/npm" "install" "jekyll"
148 error node v0.12.7
149 error npm  v2.11.3
150 error code ETARGET
151 error notarget No compatible version found: jekyll@'*'
151 error notarget Valid install targets:
151 error notarget ["3.0.0-beta1"]
151 error notarget
151 error notarget This is most likely not a problem with npm itself.
151 error notarget In most cases you or one of your dependencies are requesting
151 error notarget a package version that doesn't exist.
152 verbose exit [ 1, true ]
